# Portfolio Updates Log

## 2025-01-27 - Navigation Menu Restructuring & Home Page Improvements

### Navigation Menu Enhancements
- **Complete header redesign** with glass morphism effects and backdrop blur
- **Better mobile layout** - hamburger menu properly positioned on the right side
- **Enhanced desktop navigation** with organized sections (Portfolio, Knowledge, About)
- **Improved mobile menu** with color-coded sections, icons, and descriptions
- **Professional styling** with smooth transitions, hover effects, and better typography
- **Accessibility improvements** with proper ARIA labels and semantic structure

### Home Page Spacing Fix
- **Added proper spacing** between CTA buttons and feature cards (pt-16)
- **Improved visual hierarchy** and layout flow
- **Better user experience** with clear content separation

### Technical Improvements
- **Glass morphism backgrounds** with backdrop-blur-md
- **Enhanced hover states** and transitions throughout
- **Color-coded mobile menu sections** for better organization
- **Responsive design** improvements for all screen sizes
- **Professional visual design** with modern UI/UX patterns

## 2025-01-27 - Live Deployment Fixes

### Content Security Policy (CSP) Updates
- **Modified CSP** to allow unsafe-inline scripts and Google Fonts domains
- **Updated script-src** to include 'unsafe-inline' and https://cdn.jsdelivr.net
- **Added Google Fonts** domains to style-src and font-src
- **Resolved CSP violations** that were blocking live deployment

### Particles.js Background Fix
- **Downloaded particles.min.js locally** to public/vendor/ directory
- **Enhanced error handling** in particles-background.component.ts
- **Added fallback mechanisms** for script loading failures
- **Improved graceful degradation** when particles.js is unavailable

### Font Loading Resolution
- **Removed corrupted local font file** (public/fonts/Inter-Variable.woff2)
- **Switched to Google Fonts CDN** for Inter font family
- **Added preconnect links** for better font loading performance
- **Resolved OTS parsing errors** that were preventing font display

### Error Handling Improvements
- **Enhanced particles-background.component.ts** with try-catch blocks
- **Added console warnings** for debugging script loading issues
- **Improved fallback behavior** when external resources fail to load
- **Better user experience** during loading and error states

## 2025-01-27 - Certifications Page UI/UX Enhancements

### Visual Design Improvements
- **Glassy dark mode** with transparent backgrounds and backdrop blur
- **Enhanced animations** including staggered fade-in effects for cards
- **Improved hover effects** with shimmer and ripple animations
- **Better color consistency** across light and dark themes
- **Professional card design** with enhanced shadows and borders

### Interactive Features
- **Search functionality** with real-time filtering
- **Skill-based filtering** with dropdown selection
- **Results counter** showing filtered certification count
- **Clear filters button** for easy reset
- **Enhanced button interactions** with smooth transitions

### Mobile Responsiveness
- **Improved mobile layout** with better touch targets
- **Responsive grid system** that adapts to screen sizes
- **Optimized spacing** for mobile devices
- **Better typography scaling** across different screen sizes

### Accessibility Enhancements
- **Proper ARIA labels** for all interactive elements
- **Keyboard navigation** support for all features
- **Screen reader friendly** structure and content
- **High contrast ratios** for better readability

## 2025-01-27 - Software Engineer Role Update

### Content Updates
- **Updated role description** from "Frontend developer" to "Software Engineer"
- **Enhanced meta tags** for better SEO with full-stack focus
- **Updated work examples** to reflect broader technical capabilities
- **Modified principles** to emphasize full-stack development approach
- **Updated about page** to highlight Node.js and cloud technologies

### SEO Improvements
- **Updated meta descriptions** to reflect "Full-stack software engineering"
- **Enhanced page titles** with "Software Engineer Portfolio"
- **Improved keyword targeting** for broader technical roles
- **Better social media meta tags** for LinkedIn and Twitter

## 2025-01-27 - Certifications Page Creation

### New Page Implementation
- **Created certifications page** with standalone Angular component
- **Added route configuration** for /certifications path
- **Implemented certification data structure** with TypeScript interfaces
- **Added navigation links** in header and footer

### PDF Integration
- **Organized certificate PDFs** in public/certificates/ directory
- **Generated PNG thumbnails** from PDF files using pdftoppm
- **Implemented PDF viewing** with proper file paths
- **Added credential verification** links for each certification

### Data Management
- **Structured certification data** with comprehensive information
- **Added skill tagging** for each certification
- **Implemented filtering system** by skills and search terms
- **Created responsive grid layout** for certification display

## 2025-01-27 - Emoji to Icon Replacement

### Icon Implementation
- **Replaced all emojis** with inline SVG icons throughout the site
- **Added semantic icons** for better accessibility
- **Implemented consistent icon styling** across all pages
- **Enhanced visual consistency** with professional iconography

### Pages Updated
- **Home page**: Replaced checkmark, zap, and users emojis
- **Principles page**: Replaced target, compass, and globe emojis
- **About page**: Updated with appropriate icons
- **Work data**: Enhanced with relevant technical icons

### Technical Approach
- **Used inline SVG icons** for better control and performance
- **Maintained accessibility** with proper ARIA labels
- **Ensured cross-browser compatibility** with standard SVG elements
- **Added hover effects** and transitions for better interactivity

